0 info it worked if it ends with ok
1 verbose cli [ '/Users/brett.reinhard/.nvm/versions/node/v6.17.0/bin/node',
1 verbose cli   '/Users/brett.reinhard/.nvm/versions/node/v6.17.0/bin/npm',
1 verbose cli   'run',
1 verbose cli   'pasta' ]
2 info using npm@3.10.10
3 info using node@v6.17.0
4 verbose run-script [ 'prepasta', 'pasta', 'postpasta' ]
5 info lifecycle mfp-chrome-extension@~prepasta: mfp-chrome-extension@
6 silly lifecycle mfp-chrome-extension@~prepasta: no script for prepasta, continuing
7 info lifecycle mfp-chrome-extension@~pasta: mfp-chrome-extension@
8 verbose lifecycle mfp-chrome-extension@~pasta: unsafe-perm in lifecycle true
9 verbose lifecycle mfp-chrome-extension@~pasta: PATH: /Users/brett.reinhard/.nvm/versions/node/v6.17.0/lib/node_modules/npm/bin/node-gyp-bin:/Users/brett.reinhard/personal/mfp-chrome-extension/node_modules/.bin:/Users/brett.reinhard/Library/Python/2.7/bin:/usr/local/opt/gnu-sed/libexec/gnubin:/Users/brett.reinhard/.nvm/versions/node/v6.17.0/bin:/Library/Frameworks/Python.framework/Versions/3.6/bin:/usr/local/bin:/usr/bin:/bin:/usr/sbin:/sbin:/usr/local/MacGPG2/bin:/Users/brett.reinhard/Library/Python/2.7/bin:/usr/local/opt/gnu-sed/libexec/gnubin:/Users/brett.reinhard/.nvm/versions/node/v6.17.0/bin:/Library/Frameworks/Python.framework/Versions/3.6/bin:/usr/local/maven/bin:/usr/local/confluent/bin:/usr/local/go/bin:/usr/local/gatling/bin:/Developer/SDKs/android-sdk-macosx/platform-tools:/Developer/SDKs/android-sdk-macosx/tools:/Users/brett.reinhard/s3:/usr/local/prometheus:/opt/tomcat/bin:/usr/local/maven/bin:/usr/local/confluent/bin:/usr/local/go/bin:/usr/local/gatling/bin:/Developer/SDKs/android-sdk-macosx/platform-tools:/Developer/SDKs/android-sdk-macosx/tools:/Users/brett.reinhard/s3:/usr/local/prometheus:/opt/tomcat/bin
10 verbose lifecycle mfp-chrome-extension@~pasta: CWD: /Users/brett.reinhard/personal/mfp-chrome-extension
11 silly lifecycle mfp-chrome-extension@~pasta: Args: [ '-c', 'cp -R ./scripts.babel ./scripts' ]
12 silly lifecycle mfp-chrome-extension@~pasta: Returned: code: 1  signal: null
13 info lifecycle mfp-chrome-extension@~pasta: Failed to exec pasta script
14 verbose stack Error: mfp-chrome-extension@ pasta: `cp -R ./scripts.babel ./scripts`
14 verbose stack Exit status 1
14 verbose stack     at EventEmitter.<anonymous> (/Users/brett.reinhard/.nvm/versions/node/v6.17.0/lib/node_modules/npm/lib/utils/lifecycle.js:255:16)
14 verbose stack     at emitTwo (events.js:106:13)
14 verbose stack     at EventEmitter.emit (events.js:191:7)
14 verbose stack     at ChildProcess.<anonymous> (/Users/brett.reinhard/.nvm/versions/node/v6.17.0/lib/node_modules/npm/lib/utils/spawn.js:40:14)
14 verbose stack     at emitTwo (events.js:106:13)
14 verbose stack     at ChildProcess.emit (events.js:191:7)
14 verbose stack     at maybeClose (internal/child_process.js:920:16)
14 verbose stack     at Process.ChildProcess._handle.onexit (internal/child_process.js:230:5)
15 verbose pkgid mfp-chrome-extension@
16 verbose cwd /Users/brett.reinhard/personal/mfp-chrome-extension
17 error Darwin 18.7.0
18 error argv "/Users/brett.reinhard/.nvm/versions/node/v6.17.0/bin/node" "/Users/brett.reinhard/.nvm/versions/node/v6.17.0/bin/npm" "run" "pasta"
19 error node v6.17.0
20 error npm  v3.10.10
21 error code ELIFECYCLE
22 error mfp-chrome-extension@ pasta: `cp -R ./scripts.babel ./scripts`
22 error Exit status 1
23 error Failed at the mfp-chrome-extension@ pasta script 'cp -R ./scripts.babel ./scripts'.
23 error Make sure you have the latest version of node.js and npm installed.
23 error If you do, this is most likely a problem with the mfp-chrome-extension package,
23 error not with npm itself.
23 error Tell the author that this fails on your system:
23 error     cp -R ./scripts.babel ./scripts
23 error You can get information on how to open an issue for this project with:
23 error     npm bugs mfp-chrome-extension
23 error Or if that isn't available, you can get their info via:
23 error     npm owner ls mfp-chrome-extension
23 error There is likely additional logging output above.
24 verbose exit [ 1, true ]
